<?xml version="1.0" encoding="UTF-8"?>
<!-- Generated by org.testng.reporters.JUnitXMLReporter -->
<testsuite ignored="0" hostname="ZSCHN01LP0174" failures="0" tests="4" name="Default test" time="6.594" errors="0" timestamp="2024-02-15T12:22:20 IST">
  <testcase classname="testScripts.ArticlePageTest" name="loginTest" time="0.833"/>
  <testcase classname="testScripts.ArticlePageTest" name="newArticle" time="1.179"/>
  <testcase classname="testScripts.ArticlePageTest" name="updateArticlePage" time="1.642"/>
  <testcase classname="testScripts.ArticlePageTest" name="deleteArticle" time="0.073"/>
</testsuite> <!-- Default test -->
