<?xml version="1.0" encoding="UTF-8"?>
<!-- Generated by org.testng.reporters.JUnitXMLReporter -->
<testsuite ignored="0" hostname="ZSCHN01LP0174" failures="0" tests="4" name="Default test" time="4.676" errors="0" timestamp="2024-02-13T11:26:47 IST">
  <testcase classname="testScripts.ArticlePageTest" name="loginTest" time="0.301"/>
  <testcase classname="testScripts.ArticlePageTest" name="newArticle" time="1.614"/>
  <testcase classname="testScripts.ArticlePageTest" name="updateArticlePage" time="1.001"/>
  <testcase classname="testScripts.ArticlePageTest" name="deleteArticle" time="0.055"/>
</testsuite> <!-- Default test -->
