<?xml version="1.0" encoding="UTF-8"?>
<testng-results ignored="0" total="4" passed="4" failed="0" skipped="0">
  <reporter-output>
  </reporter-output>
  <suite started-at="2024-02-13T11:26:42 IST" name="Default suite" finished-at="2024-02-13T11:26:47 IST" duration-ms="4676">
    <groups>
    </groups>
    <test started-at="2024-02-13T11:26:42 IST" name="Default test" finished-at="2024-02-13T11:26:47 IST" duration-ms="4676">
      <class name="testScripts.ArticlePageTest">
        <test-method is-config="true" signature="setup()[pri:0, instance:testScripts.ArticlePageTest@49bf29c6]" started-at="2024-02-13T11:26:42 IST" name="setup" finished-at="2024-02-13T11:26:44 IST" duration-ms="1668" status="PASS">
          <reporter-output>
          </reporter-output>
        </test-method> <!-- setup -->
        <test-method signature="loginTest()[pri:1, instance:testScripts.ArticlePageTest@49bf29c6]" started-at="2024-02-13T11:26:44 IST" name="loginTest" finished-at="2024-02-13T11:26:44 IST" duration-ms="301" status="PASS">
          <reporter-output>
          </reporter-output>
        </test-method> <!-- loginTest -->
        <test-method signature="newArticle()[pri:2, instance:testScripts.ArticlePageTest@49bf29c6]" started-at="2024-02-13T11:26:44 IST" name="newArticle" finished-at="2024-02-13T11:26:46 IST" duration-ms="1614" status="PASS">
          <reporter-output>
          </reporter-output>
        </test-method> <!-- newArticle -->
        <test-method signature="updateArticlePage()[pri:3, instance:testScripts.ArticlePageTest@49bf29c6]" started-at="2024-02-13T11:26:46 IST" name="updateArticlePage" finished-at="2024-02-13T11:26:47 IST" duration-ms="1001" status="PASS">
          <reporter-output>
          </reporter-output>
        </test-method> <!-- updateArticlePage -->
        <test-method signature="deleteArticle()[pri:4, instance:testScripts.ArticlePageTest@49bf29c6]" started-at="2024-02-13T11:26:47 IST" name="deleteArticle" finished-at="2024-02-13T11:26:47 IST" duration-ms="55" status="PASS">
          <reporter-output>
          </reporter-output>
        </test-method> <!-- deleteArticle -->
      </class> <!-- testScripts.ArticlePageTest -->
    </test> <!-- Default test -->
  </suite> <!-- Default suite -->
</testng-results>
